app/build/intermediates/manifest_merge_blame_file/debug/manifest-merger-blame-debug-report.txt
1<?xml version="1.0" encoding="utf-8"?>
2<manifest xmlns:android="http://schemas.android.com/apk/res/android"
3    package="com.example.near_buy"
4    android:versionCode="1"
5    android:versionName="1.0" >
6
7    <uses-sdk
8        android:minSdkVersion="16"
8-->src\main\AndroidManifest.xml
9        android:targetSdkVersion="30" />
9-->src\main\AndroidManifest.xml
10
11    <uses-permission android:name="android.permission.ACCESS_COARSE_LOCATION" />
11-->src\main\AndroidManifest.xml:5:5-81
11-->src\main\AndroidManifest.xml:5:22-78
12    <uses-permission android:name="android.permission.ACCESS_FINE_LOCATION" />
12-->src\main\AndroidManifest.xml:6:5-79
12-->src\main\AndroidManifest.xml:6:22-76
13    <uses-permission
13-->src\main\AndroidManifest.xml:7:5-9:54
14        android:id="@+id/row_layout"
14-->src\main\AndroidManifest.xml:8:9-37
15        android:name="android.permission.INTERNET" />
15-->src\main\AndroidManifest.xml:9:9-51
16    <uses-permission android:name="android.permission.ACCESS_NETWORK_STATE" />
16-->[com.google.firebase:firebase-auth:20.0.1] AndroidManifest.xml:24:5-79
16-->[com.google.firebase:firebase-auth:20.0.1] AndroidManifest.xml:24:22-76
17    <uses-permission android:name="android.permission.WAKE_LOCK" />
17-->[com.google.android.gms:play-services-measurement-api:18.0.0] AndroidManifest.xml:24:5-68
17-->[com.google.android.gms:play-services-measurement-api:18.0.0] AndroidManifest.xml:24:22-65
18    <uses-permission android:name="com.google.android.finsky.permission.BIND_GET_INSTALL_REFERRER_SERVICE" />
18-->[com.google.android.gms:play-services-measurement:18.0.0] AndroidManifest.xml:26:5-110
18-->[com.google.android.gms:play-services-measurement:18.0.0] AndroidManifest.xml:26:22-107
19
20    <application
20-->src\main\AndroidManifest.xml:11:5-84:19
21        android:name="androidx.multidex.MultiDexApplication"
22        android:allowBackup="true"
22-->src\main\AndroidManifest.xml:12:9-35
23        android:appComponentFactory="androidx.core.app.CoreComponentFactory"
23-->[androidx.core:core:1.3.1] AndroidManifest.xml:24:18-86
24        android:debuggable="true"
25        android:icon="@mipmap/ic_launcher"
25-->src\main\AndroidManifest.xml:13:9-43
26        android:label="@string/app_name"
26-->src\main\AndroidManifest.xml:14:9-41
27        android:roundIcon="@mipmap/ic_launcher_round"
27-->src\main\AndroidManifest.xml:15:9-54
28        android:supportsRtl="true"
28-->src\main\AndroidManifest.xml:16:9-35
29        android:testOnly="true"
30        android:theme="@style/Theme.Nearbuy" >
30-->src\main\AndroidManifest.xml:17:9-45
31        <activity android:name="com.example.near_buy.MainUserActivity" />
31-->src\main\AndroidManifest.xml:18:9-63
31-->src\main\AndroidManifest.xml:18:19-51
32        <activity android:name="com.example.near_buy.MainSellerActivity" />
32-->src\main\AndroidManifest.xml:19:9-56
32-->src\main\AndroidManifest.xml:19:19-53
33        <activity android:name="com.example.near_buy.RegisterSellerActivity" />
33-->src\main\AndroidManifest.xml:20:9-60
33-->src\main\AndroidManifest.xml:20:19-57
34        <activity
34-->src\main\AndroidManifest.xml:21:9-24:52
35            android:name="com.example.near_buy.single_store"
35-->src\main\AndroidManifest.xml:22:13-41
36            android:label="Details"
36-->src\main\AndroidManifest.xml:23:13-36
37            android:parentActivityName="com.example.near_buy.stores" />
37-->src\main\AndroidManifest.xml:24:13-49
38        <activity
38-->src\main\AndroidManifest.xml:25:9-32:20
39            android:name="com.example.near_buy.items"
39-->src\main\AndroidManifest.xml:26:13-34
40            android:label="Items Activity"
40-->src\main\AndroidManifest.xml:27:13-43
41            android:parentActivityName="com.example.near_buy.MainActivity" >
41-->src\main\AndroidManifest.xml:28:13-55
42            <meta-data
42-->src\main\AndroidManifest.xml:29:13-31:69
43                android:name="android.support.PARENT_ACTIVITY"
43-->src\main\AndroidManifest.xml:30:17-63
44                android:value="com.example.near_buy.MainActivity" />
44-->src\main\AndroidManifest.xml:31:17-66
45        </activity>
46        <activity
46-->src\main\AndroidManifest.xml:33:9-40:20
47            android:name="com.example.near_buy.stores"
47-->src\main\AndroidManifest.xml:34:13-35
48            android:label="Stores Activity"
48-->src\main\AndroidManifest.xml:35:13-44
49            android:parentActivityName="com.example.near_buy.MainActivity" >
49-->src\main\AndroidManifest.xml:36:13-55
50            <meta-data
50-->src\main\AndroidManifest.xml:29:13-31:69
51                android:name="android.support.PARENT_ACTIVITY"
51-->src\main\AndroidManifest.xml:30:17-63
52                android:value="com.example.near_buy.MainActivity" />
52-->src\main\AndroidManifest.xml:31:17-66
53        </activity>
54        <activity
54-->src\main\AndroidManifest.xml:41:9-44:64
55            android:name="com.example.near_buy.ScrollingActivity"
55-->src\main\AndroidManifest.xml:42:13-46
56            android:label="@string/title_activity_scrolling"
56-->src\main\AndroidManifest.xml:43:13-61
57            android:theme="@style/Theme.Nearbuy.NoActionBar" />
57-->src\main\AndroidManifest.xml:44:13-61
58        <activity android:name="com.example.near_buy.MainActivity" >
58-->src\main\AndroidManifest.xml:45:9-51:20
58-->src\main\AndroidManifest.xml:45:19-47
59            <intent-filter>
59-->src\main\AndroidManifest.xml:46:13-50:29
60                <action android:name="android.intent.action.MAIN" />
60-->src\main\AndroidManifest.xml:47:17-69
60-->src\main\AndroidManifest.xml:47:25-66
61
62                <category android:name="android.intent.category.LAUNCHER" />
62-->src\main\AndroidManifest.xml:49:17-77
62-->src\main\AndroidManifest.xml:49:27-74
63            </intent-filter>
64        </activity>
65        <activity
65-->src\main\AndroidManifest.xml:52:9-59:20
66            android:name="com.example.near_buy.login"
66-->src\main\AndroidManifest.xml:53:13-34
67            android:label="Login Activity"
67-->src\main\AndroidManifest.xml:54:13-43
68            android:parentActivityName="com.example.near_buy.register" >
68-->src\main\AndroidManifest.xml:55:13-51
69            <meta-data
69-->src\main\AndroidManifest.xml:29:13-31:69
70                android:name="android.support.PARENT_ACTIVITY"
70-->src\main\AndroidManifest.xml:30:17-63
71                android:value="com.example.near_buy.register" />
71-->src\main\AndroidManifest.xml:31:17-66
72        </activity>
73        <activity
73-->src\main\AndroidManifest.xml:60:9-67:20
74            android:name="com.example.near_buy.Seller_main_activity"
74-->src\main\AndroidManifest.xml:61:13-49
75            android:label="Seller Main Activity"
75-->src\main\AndroidManifest.xml:62:13-49
76            android:parentActivityName="com.example.near_buy.MainActivity" >
76-->src\main\AndroidManifest.xml:63:13-55
77            <meta-data
77-->src\main\AndroidManifest.xml:29:13-31:69
78                android:name="android.support.PARENT_ACTIVITY"
78-->src\main\AndroidManifest.xml:30:17-63
79                android:value="com.example.near_buy.MainActivity" />
79-->src\main\AndroidManifest.xml:31:17-66
80        </activity>
81        <activity
81-->src\main\AndroidManifest.xml:68:9-75:20
82            android:name="com.example.near_buy.add_shop"
82-->src\main\AndroidManifest.xml:69:13-37
83            android:label="Add shop"
83-->src\main\AndroidManifest.xml:70:13-37
84            android:parentActivityName="com.example.near_buy.Seller_main_activity" >
84-->src\main\AndroidManifest.xml:71:13-63
85            <meta-data
85-->src\main\AndroidManifest.xml:29:13-31:69
86                android:name="android.support.PARENT_ACTIVITY"
86-->src\main\AndroidManifest.xml:30:17-63
87                android:value="com.example.near_buy.Seller_main_activity" />
87-->src\main\AndroidManifest.xml:31:17-66
88        </activity>
89        <activity
89-->src\main\AndroidManifest.xml:76:9-79:54
90            android:name="com.example.near_buy.register"
90-->src\main\AndroidManifest.xml:77:13-37
91            android:label="Register Activity"
91-->src\main\AndroidManifest.xml:78:13-46
92            android:parentActivityName="com.example.near_buy.register" />
92-->src\main\AndroidManifest.xml:79:13-51
93
94        <meta-data
94-->src\main\AndroidManifest.xml:29:13-31:69
95            android:name="android.support.PARENT_ACTIVITY"
95-->src\main\AndroidManifest.xml:30:17-63
96            android:value="com.example.near_buy.MainActivity" />
96-->src\main\AndroidManifest.xml:31:17-66
97
98        <activity
98-->[com.google.firebase:firebase-auth:20.0.1] AndroidManifest.xml:27:9-44:20
99            android:name="com.google.firebase.auth.internal.GenericIdpActivity"
99-->[com.google.firebase:firebase-auth:20.0.1] AndroidManifest.xml:28:13-80
100            android:excludeFromRecents="true"
100-->[com.google.firebase:firebase-auth:20.0.1] AndroidManifest.xml:29:13-46
101            android:exported="true"
101-->[com.google.firebase:firebase-auth:20.0.1] AndroidManifest.xml:30:13-36
102            android:launchMode="singleTask"
102-->[com.google.firebase:firebase-auth:20.0.1] AndroidManifest.xml:31:13-44
103            android:theme="@android:style/Theme.Translucent.NoTitleBar" >
103-->[com.google.firebase:firebase-auth:20.0.1] AndroidManifest.xml:32:13-72
104            <intent-filter>
104-->[com.google.firebase:firebase-auth:20.0.1] AndroidManifest.xml:33:13-43:29
105                <action android:name="android.intent.action.VIEW" />
105-->[com.google.firebase:firebase-auth:20.0.1] AndroidManifest.xml:34:17-69
105-->[com.google.firebase:firebase-auth:20.0.1] AndroidManifest.xml:34:25-66
106
107                <category android:name="android.intent.category.DEFAULT" />
107-->[com.google.firebase:firebase-auth:20.0.1] AndroidManifest.xml:36:17-76
107-->[com.google.firebase:firebase-auth:20.0.1] AndroidManifest.xml:36:27-73
108                <category android:name="android.intent.category.BROWSABLE" />
108-->[com.google.firebase:firebase-auth:20.0.1] AndroidManifest.xml:37:17-78
108-->[com.google.firebase:firebase-auth:20.0.1] AndroidManifest.xml:37:27-75
109
110                <data
110-->[com.google.firebase:firebase-auth:20.0.1] AndroidManifest.xml:39:17-42:51
111                    android:host="firebase.auth"
111-->[com.google.firebase:firebase-auth:20.0.1] AndroidManifest.xml:40:21-49
112                    android:path="/"
112-->[com.google.firebase:firebase-auth:20.0.1] AndroidManifest.xml:41:21-37
113                    android:scheme="genericidp" />
113-->[com.google.firebase:firebase-auth:20.0.1] AndroidManifest.xml:42:21-48
114            </intent-filter>
115        </activity>
116        <activity
116-->[com.google.firebase:firebase-auth:20.0.1] AndroidManifest.xml:45:9-62:20
117            android:name="com.google.firebase.auth.internal.RecaptchaActivity"
117-->[com.google.firebase:firebase-auth:20.0.1] AndroidManifest.xml:46:13-79
118            android:excludeFromRecents="true"
118-->[com.google.firebase:firebase-auth:20.0.1] AndroidManifest.xml:47:13-46
119            android:exported="true"
119-->[com.google.firebase:firebase-auth:20.0.1] AndroidManifest.xml:48:13-36
120            android:launchMode="singleTask"
120-->[com.google.firebase:firebase-auth:20.0.1] AndroidManifest.xml:49:13-44
121            android:theme="@android:style/Theme.Translucent.NoTitleBar" >
121-->[com.google.firebase:firebase-auth:20.0.1] AndroidManifest.xml:50:13-72
122            <intent-filter>
122-->[com.google.firebase:firebase-auth:20.0.1] AndroidManifest.xml:51:13-61:29
123                <action android:name="android.intent.action.VIEW" />
123-->[com.google.firebase:firebase-auth:20.0.1] AndroidManifest.xml:34:17-69
123-->[com.google.firebase:firebase-auth:20.0.1] AndroidManifest.xml:34:25-66
124
125                <category android:name="android.intent.category.DEFAULT" />
125-->[com.google.firebase:firebase-auth:20.0.1] AndroidManifest.xml:36:17-76
125-->[com.google.firebase:firebase-auth:20.0.1] AndroidManifest.xml:36:27-73
126                <category android:name="android.intent.category.BROWSABLE" />
126-->[com.google.firebase:firebase-auth:20.0.1] AndroidManifest.xml:37:17-78
126-->[com.google.firebase:firebase-auth:20.0.1] AndroidManifest.xml:37:27-75
127
128                <data
128-->[com.google.firebase:firebase-auth:20.0.1] AndroidManifest.xml:39:17-42:51
129                    android:host="firebase.auth"
129-->[com.google.firebase:firebase-auth:20.0.1] AndroidManifest.xml:40:21-49
130                    android:path="/"
130-->[com.google.firebase:firebase-auth:20.0.1] AndroidManifest.xml:41:21-37
131                    android:scheme="recaptcha" />
131-->[com.google.firebase:firebase-auth:20.0.1] AndroidManifest.xml:42:21-48
132            </intent-filter>
133        </activity>
134
135        <service
135-->[com.google.firebase:firebase-auth:20.0.1] AndroidManifest.xml:64:9-73:19
136            android:name="com.google.firebase.auth.api.fallback.service.FirebaseAuthFallbackService"
136-->[com.google.firebase:firebase-auth:20.0.1] AndroidManifest.xml:65:13-101
137            android:enabled="true"
137-->[com.google.firebase:firebase-auth:20.0.1] AndroidManifest.xml:66:13-35
138            android:exported="false" >
138-->[com.google.firebase:firebase-auth:20.0.1] AndroidManifest.xml:67:13-37
139            <intent-filter>
139-->[com.google.firebase:firebase-auth:20.0.1] AndroidManifest.xml:68:13-72:29
140                <action android:name="com.google.firebase.auth.api.gms.service.START" />
140-->[com.google.firebase:firebase-auth:20.0.1] AndroidManifest.xml:69:17-89
140-->[com.google.firebase:firebase-auth:20.0.1] AndroidManifest.xml:69:25-86
141
142                <category android:name="android.intent.category.DEFAULT" />
142-->[com.google.firebase:firebase-auth:20.0.1] AndroidManifest.xml:36:17-76
142-->[com.google.firebase:firebase-auth:20.0.1] AndroidManifest.xml:36:27-73
143            </intent-filter>
144        </service>
145        <service
145-->[com.google.firebase:firebase-auth:20.0.1] AndroidManifest.xml:74:9-80:19
146            android:name="com.google.firebase.components.ComponentDiscoveryService"
146-->[com.google.firebase:firebase-auth:20.0.1] AndroidManifest.xml:75:13-84
147            android:directBootAware="true"
147-->[com.google.firebase:firebase-common:19.4.0] AndroidManifest.xml:35:13-43
148            android:exported="false" >
148-->[com.google.firebase:firebase-auth:20.0.1] AndroidManifest.xml:76:13-37
149            <meta-data
149-->[com.google.firebase:firebase-auth:20.0.1] AndroidManifest.xml:77:13-79:85
150                android:name="com.google.firebase.components:com.google.firebase.auth.FirebaseAuthRegistrar"
150-->[com.google.firebase:firebase-auth:20.0.1] AndroidManifest.xml:78:17-109
151                android:value="com.google.firebase.components.ComponentRegistrar" />
151-->[com.google.firebase:firebase-auth:20.0.1] AndroidManifest.xml:79:17-82
152            <meta-data
152-->[com.google.firebase:firebase-database:19.5.1] AndroidManifest.xml:32:13-34:85
153                android:name="com.google.firebase.components:com.google.firebase.database.DatabaseRegistrar"
153-->[com.google.firebase:firebase-database:19.5.1] AndroidManifest.xml:33:17-109
154                android:value="com.google.firebase.components.ComponentRegistrar" />
154-->[com.google.firebase:firebase-database:19.5.1] AndroidManifest.xml:34:17-82
155            <meta-data
155-->[com.google.firebase:firebase-storage:19.2.0] AndroidManifest.xml:33:13-35:85
156                android:name="com.google.firebase.components:com.google.firebase.storage.StorageRegistrar"
156-->[com.google.firebase:firebase-storage:19.2.0] AndroidManifest.xml:34:17-107
157                android:value="com.google.firebase.components.ComponentRegistrar" />
157-->[com.google.firebase:firebase-storage:19.2.0] AndroidManifest.xml:35:17-82
158            <meta-data
158-->[com.google.android.gms:play-services-measurement-api:18.0.0] AndroidManifest.xml:30:13-32:85
159                android:name="com.google.firebase.components:com.google.firebase.analytics.connector.internal.AnalyticsConnectorRegistrar"
159-->[com.google.android.gms:play-services-measurement-api:18.0.0] AndroidManifest.xml:31:17-139
160                android:value="com.google.firebase.components.ComponentRegistrar" />
160-->[com.google.android.gms:play-services-measurement-api:18.0.0] AndroidManifest.xml:32:17-82
161            <meta-data
161-->[com.google.firebase:firebase-installations:16.3.4] AndroidManifest.xml:18:13-20:85
162                android:name="com.google.firebase.components:com.google.firebase.installations.FirebaseInstallationsRegistrar"
162-->[com.google.firebase:firebase-installations:16.3.4] AndroidManifest.xml:19:17-127
163                android:value="com.google.firebase.components.ComponentRegistrar" />
163-->[com.google.firebase:firebase-installations:16.3.4] AndroidManifest.xml:20:17-82
164        </service>
165
166        <activity
166-->[com.google.android.gms:play-services-auth:19.0.0] AndroidManifest.xml:23:9-27:75
167            android:name="com.google.android.gms.auth.api.signin.internal.SignInHubActivity"
167-->[com.google.android.gms:play-services-auth:19.0.0] AndroidManifest.xml:24:13-93
168            android:excludeFromRecents="true"
168-->[com.google.android.gms:play-services-auth:19.0.0] AndroidManifest.xml:25:13-46
169            android:exported="false"
169-->[com.google.android.gms:play-services-auth:19.0.0] AndroidManifest.xml:26:13-37
170            android:theme="@android:style/Theme.Translucent.NoTitleBar" />
170-->[com.google.android.gms:play-services-auth:19.0.0] AndroidManifest.xml:27:13-72
171        <!--
172            Service handling Google Sign-In user revocation. For apps that do not integrate with
173            Google Sign-In, this service will never be started.
174        -->
175        <service
175-->[com.google.android.gms:play-services-auth:19.0.0] AndroidManifest.xml:33:9-37:51
176            android:name="com.google.android.gms.auth.api.signin.RevocationBoundService"
176-->[com.google.android.gms:play-services-auth:19.0.0] AndroidManifest.xml:34:13-89
177            android:exported="true"
177-->[com.google.android.gms:play-services-auth:19.0.0] AndroidManifest.xml:35:13-36
178            android:permission="com.google.android.gms.auth.api.signin.permission.REVOCATION_NOTIFICATION"
178-->[com.google.android.gms:play-services-auth:19.0.0] AndroidManifest.xml:36:13-107
179            android:visibleToInstantApps="true" />
179-->[com.google.android.gms:play-services-auth:19.0.0] AndroidManifest.xml:37:13-48
180
181        <activity
181-->[com.google.android.gms:play-services-base:17.1.0] AndroidManifest.xml:23:9-26:75
182            android:name="com.google.android.gms.common.api.GoogleApiActivity"
182-->[com.google.android.gms:play-services-base:17.1.0] AndroidManifest.xml:24:13-79
183            android:exported="false"
183-->[com.google.android.gms:play-services-base:17.1.0] AndroidManifest.xml:25:13-37
184            android:theme="@android:style/Theme.Translucent.NoTitleBar" />
184-->[com.google.android.gms:play-services-base:17.1.0] AndroidManifest.xml:26:13-72
185
186        <provider
186-->[com.google.firebase:firebase-common:19.4.0] AndroidManifest.xml:26:9-31:39
187            android:name="com.google.firebase.provider.FirebaseInitProvider"
187-->[com.google.firebase:firebase-common:19.4.0] AndroidManifest.xml:27:13-77
188            android:authorities="com.example.near_buy.firebaseinitprovider"
188-->[com.google.firebase:firebase-common:19.4.0] AndroidManifest.xml:28:13-72
189            android:directBootAware="true"
189-->[com.google.firebase:firebase-common:19.4.0] AndroidManifest.xml:29:13-43
190            android:exported="false"
190-->[com.google.firebase:firebase-common:19.4.0] AndroidManifest.xml:30:13-37
191            android:initOrder="100" />
191-->[com.google.firebase:firebase-common:19.4.0] AndroidManifest.xml:31:13-36
192
193        <receiver
193-->[com.google.android.gms:play-services-measurement:18.0.0] AndroidManifest.xml:29:9-33:20
194            android:name="com.google.android.gms.measurement.AppMeasurementReceiver"
194-->[com.google.android.gms:play-services-measurement:18.0.0] AndroidManifest.xml:30:13-85
195            android:enabled="true"
195-->[com.google.android.gms:play-services-measurement:18.0.0] AndroidManifest.xml:31:13-35
196            android:exported="false" >
196-->[com.google.android.gms:play-services-measurement:18.0.0] AndroidManifest.xml:32:13-37
197        </receiver>
198
199        <service
199-->[com.google.android.gms:play-services-measurement:18.0.0] AndroidManifest.xml:35:9-38:40
200            android:name="com.google.android.gms.measurement.AppMeasurementService"
200-->[com.google.android.gms:play-services-measurement:18.0.0] AndroidManifest.xml:36:13-84
201            android:enabled="true"
201-->[com.google.android.gms:play-services-measurement:18.0.0] AndroidManifest.xml:37:13-35
202            android:exported="false" />
202-->[com.google.android.gms:play-services-measurement:18.0.0] AndroidManifest.xml:38:13-37
203        <service
203-->[com.google.android.gms:play-services-measurement:18.0.0] AndroidManifest.xml:39:9-43:72
204            android:name="com.google.android.gms.measurement.AppMeasurementJobService"
204-->[com.google.android.gms:play-services-measurement:18.0.0] AndroidManifest.xml:40:13-87
205            android:enabled="true"
205-->[com.google.android.gms:play-services-measurement:18.0.0] AndroidManifest.xml:41:13-35
206            android:exported="false"
206-->[com.google.android.gms:play-services-measurement:18.0.0] AndroidManifest.xml:42:13-37
207            android:permission="android.permission.BIND_JOB_SERVICE" />
207-->[com.google.android.gms:play-services-measurement:18.0.0] AndroidManifest.xml:43:13-69
208
209        <meta-data
209-->[com.google.android.gms:play-services-basement:17.1.1] AndroidManifest.xml:23:9-25:69
210            android:name="com.google.android.gms.version"
210-->[com.google.android.gms:play-services-basement:17.1.1] AndroidManifest.xml:24:13-58
211            android:value="@integer/google_play_services_version" />
211-->[com.google.android.gms:play-services-basement:17.1.1] AndroidManifest.xml:25:13-66
212    </application>
213
214</manifest>